*** Starting uWSGI 2.0.17 (64bit) on [Mon May 21 15:42:07 2018] ***
compiled with version: 5.4.0 20160609 on 17 May 2018 08:19:14
os: Linux-4.4.0-91-generic #114-Ubuntu SMP Tue Aug 8 11:56:56 UTC 2017
nodename: VM-164-138-ubuntu
machine: x86_64
clock source: unix
detected number of CPU cores: 1
current working directory: /home/ubuntu/Django/MuOnlie/conf
detected binary path: /home/ubuntu/.virtualenvs/Py3Django/bin/uwsgi
!!! no internal routing support, rebuild with pcre support !!!
chdir() to /home/ubuntu/Django/MuOnlie
your processes number limit is 7333
your memory page size is 4096 bytes
detected max file descriptor number: 1024
lock engine: pthread robust mutexes
thunder lock: disabled (you can enable it with --thunder-lock)
uwsgi socket 0 bound to TCP address 127.0.0.1:8001 fd 3
Python version: 3.5.2 (default, Nov 23 2017, 16:37:01)  [GCC 5.4.0 20160609]
Set PythonHome to /home/ubuntu/.virtualenvs/Py3Django
Python main interpreter initialized at 0xd70420
python threads support enabled
your server socket listen backlog is limited to 100 connections
your mercy for graceful operations on workers is 60 seconds
mapped 844056 bytes (824 KB) for 24 cores
*** Operational MODE: preforking+threaded ***
WSGI app 0 (mountpoint='') ready in 1 seconds on interpreter 0xd70420 pid: 20236 (default app)
*** uWSGI is running in multiple interpreter mode ***
spawned uWSGI master process (pid: 20236)
spawned uWSGI worker 1 (pid: 20239, cores: 3)
spawned uWSGI worker 2 (pid: 20240, cores: 3)
spawned uWSGI worker 3 (pid: 20241, cores: 3)
spawned uWSGI worker 4 (pid: 20242, cores: 3)
spawned uWSGI worker 5 (pid: 20243, cores: 3)
spawned uWSGI worker 6 (pid: 20244, cores: 3)
spawned uWSGI worker 7 (pid: 20245, cores: 3)
spawned uWSGI worker 8 (pid: 20252, cores: 3)
